tipitaka/2Sutta-Pitaka/5Khuddaka-Nikaya/01Khuddakapatha/01-Khuddakapatha-p.html
tipitaka/2Sutta-Pitaka/5Khuddaka-Nikaya/01Khuddakapatha/02-Khp-Index-BJT-p.html
tipitaka/2Sutta-Pitaka/5Khuddaka-Nikaya/01Khuddakapatha/03-Khp-Index-Sutta-1-p.html
tipitaka/2Sutta-Pitaka/5Khuddaka-Nikaya/01Khuddakapatha/03-Khp-Index-Sutta-2-p.html
tipitaka/2Sutta-Pitaka/5Khuddaka-Nikaya/01Khuddakapatha/04-Khp-links-1-p.html
tipitaka/2Sutta-Pitaka/5Khuddaka-Nikaya/01Khuddakapatha/04-Khp-links-2-p.html
tipitaka/2Sutta-Pitaka/5Khuddaka-Nikaya/03Udana/09-Ud-Index-Sutta-p.html
tipitaka/2Sutta-Pitaka/5Khuddaka-Nikaya/03Udana/10-Ud-Index-BJT-p.html
tipitaka/2Sutta-Pitaka/5Khuddaka-Nikaya/03Udana/11-Ud-Links-1-p.html
tipitaka/2Sutta-Pitaka/5Khuddaka-Nikaya/03Udana/11-Ud-Links-2-p.html
tipitaka/2Sutta-Pitaka/5Khuddaka-Nikaya/04Itivuttaka/05-It-Index-Sutta-p.html
tipitaka/2Sutta-Pitaka/5Khuddaka-Nikaya/04Itivuttaka/06-It-Index-BJT-p.html
tipitaka/2Sutta-Pitaka/5Khuddaka-Nikaya/04Itivuttaka/07-It-Links-1-p.html
tipitaka/2Sutta-Pitaka/5Khuddaka-Nikaya/04Itivuttaka/07-It-Links-2-p.html
tipitaka/2Sutta-Pitaka/5Khuddaka-Nikaya/05Suttanipata/1-uraga-vagga-p.html
tipitaka/2Sutta-Pitaka/5Khuddaka-Nikaya/05Suttanipata/2-culla-vagga-p.html
tipitaka/2Sutta-Pitaka/5Khuddaka-Nikaya/05Suttanipata/3-maha-vagga-p.html
tipitaka/2Sutta-Pitaka/5Khuddaka-Nikaya/05Suttanipata/4-atthaka-vagga-p.html
tipitaka/2Sutta-Pitaka/5Khuddaka-Nikaya/05Suttanipata/5-parayana-vagga-p.html
tipitaka/2Sutta-Pitaka/5Khuddaka-Nikaya/06Vimanavatthu/01-pithavagga-p.html
tipitaka/2Sutta-Pitaka/5Khuddaka-Nikaya/06Vimanavatthu/02-Cittalatavagga-p.html
tipitaka/2Sutta-Pitaka/5Khuddaka-Nikaya/06Vimanavatthu/03-Paricchattakavagga-p.html
tipitaka/2Sutta-Pitaka/5Khuddaka-Nikaya/06Vimanavatthu/04-Manjetthakavagga-p.html
tipitaka/2Sutta-Pitaka/5Khuddaka-Nikaya/06Vimanavatthu/05-Maharathavagga-p.html
tipitaka/2Sutta-Pitaka/5Khuddaka-Nikaya/06Vimanavatthu/06-Payasivagga-p.html
tipitaka/2Sutta-Pitaka/5Khuddaka-Nikaya/06Vimanavatthu/07-Sunikkhittavagga-p.html
tipitaka/2Sutta-Pitaka/5Khuddaka-Nikaya/07Petavatthu/1-Uragavagga-p.html
tipitaka/2Sutta-Pitaka/5Khuddaka-Nikaya/07Petavatthu/2-Ubbarivagga-p.html
tipitaka/2Sutta-Pitaka/5Khuddaka-Nikaya/07Petavatthu/3-Culavagga-p.html
tipitaka/2Sutta-Pitaka/5Khuddaka-Nikaya/07Petavatthu/4-Mahavagga-p.html
tipitaka/2Sutta-Pitaka/5Khuddaka-Nikaya/08Theragatha/01-Ekaka-nipatha-p.html
tipitaka/2Sutta-Pitaka/5Khuddaka-Nikaya/08Theragatha/02-Duka-nipatha-p.html
tipitaka/2Sutta-Pitaka/5Khuddaka-Nikaya/08Theragatha/03-Tika-nipatha-p.html
tipitaka/2Sutta-Pitaka/5Khuddaka-Nikaya/08Theragatha/04-Catukka-nipatha-p.html
tipitaka/2Sutta-Pitaka/5Khuddaka-Nikaya/08Theragatha/05-Panchaka-nipatha-p.html
tipitaka/2Sutta-Pitaka/5Khuddaka-Nikaya/08Theragatha/06-Chakka-nipatha-p.html
tipitaka/2Sutta-Pitaka/5Khuddaka-Nikaya/08Theragatha/07-Sattaka-nipatha-p.html
tipitaka/2Sutta-Pitaka/5Khuddaka-Nikaya/08Theragatha/08-Atthaka-nipatha-p.html
tipitaka/2Sutta-Pitaka/5Khuddaka-Nikaya/08Theragatha/09-Navaka-nipatha-p.html
tipitaka/2Sutta-Pitaka/5Khuddaka-Nikaya/08Theragatha/10-Dasaka-nipatha-p.html
tipitaka/2Sutta-Pitaka/5Khuddaka-Nikaya/08Theragatha/11-Ekadasaka-nipatha-p.html
tipitaka/2Sutta-Pitaka/5Khuddaka-Nikaya/08Theragatha/12-Dvadasaka-nipatha-p.html
tipitaka/2Sutta-Pitaka/5Khuddaka-Nikaya/08Theragatha/13-nipatha-p.html
tipitaka/2Sutta-Pitaka/5Khuddaka-Nikaya/08Theragatha/13-terasa-nipatha-p.html
tipitaka/2Sutta-Pitaka/5Khuddaka-Nikaya/08Theragatha/14-cuddasa-nipatha-p.html
tipitaka/2Sutta-Pitaka/5Khuddaka-Nikaya/08Theragatha/14-nipatha-p.html
tipitaka/2Sutta-Pitaka/5Khuddaka-Nikaya/08Theragatha/15-Solasaka-nipatha-p.html
tipitaka/2Sutta-Pitaka/5Khuddaka-Nikaya/08Theragatha/20-Satti-nipatha-p.html
tipitaka/2Sutta-Pitaka/5Khuddaka-Nikaya/08Theragatha/30-Timsa-nipatha-p.html
tipitaka/2Sutta-Pitaka/5Khuddaka-Nikaya/08Theragatha/40-Cattalisa-nipatha-p.html
tipitaka/2Sutta-Pitaka/5Khuddaka-Nikaya/08Theragatha/50-Panyasa-nipatha-p.html
tipitaka/2Sutta-Pitaka/5Khuddaka-Nikaya/08Theragatha/60-Satthi-nipatha-p.html
tipitaka/2Sutta-Pitaka/5Khuddaka-Nikaya/08Theragatha/70-Maha-nipatha-p.html
tipitaka/2Sutta-Pitaka/5Khuddaka-Nikaya/09Therigatha/01-Ekaka-nipatha-p.html
tipitaka/2Sutta-Pitaka/5Khuddaka-Nikaya/09Therigatha/02-Duka-nipatha-p.html
tipitaka/2Sutta-Pitaka/5Khuddaka-Nikaya/09Therigatha/03-Tika-nipatha-p.html
tipitaka/2Sutta-Pitaka/5Khuddaka-Nikaya/09Therigatha/04Chatukka-nipatha-p.html
tipitaka/2Sutta-Pitaka/5Khuddaka-Nikaya/09Therigatha/05Panchaka-nipatha-p.html
tipitaka/2Sutta-Pitaka/5Khuddaka-Nikaya/09Therigatha/06-Chakka-nipatha-p.html
tipitaka/2Sutta-Pitaka/5Khuddaka-Nikaya/09Therigatha/07-Sattaka-nipatha-p.html
tipitaka/2Sutta-Pitaka/5Khuddaka-Nikaya/09Therigatha/08-Attaka-nipatha-p.html
tipitaka/2Sutta-Pitaka/5Khuddaka-Nikaya/09Therigatha/09-Navaka-nipatha-p.html
tipitaka/2Sutta-Pitaka/5Khuddaka-Nikaya/09Therigatha/11-Ekadasaka-nipatha-p.html
tipitaka/2Sutta-Pitaka/5Khuddaka-Nikaya/09Therigatha/12-Dwadasaka-nipatha-p.html
tipitaka/2Sutta-Pitaka/5Khuddaka-Nikaya/09Therigatha/16-Solasa-nipatha-p.html
tipitaka/2Sutta-Pitaka/5Khuddaka-Nikaya/09Therigatha/20-Visati-nipatha-p.html
tipitaka/2Sutta-Pitaka/5Khuddaka-Nikaya/09Therigatha/30-Timsa-nipatha-p.html
tipitaka/2Sutta-Pitaka/5Khuddaka-Nikaya/09Therigatha/40-Chattalisa-nipatha-p.html
tipitaka/2Sutta-Pitaka/5Khuddaka-Nikaya/09Therigatha/50-Maha-nipatha-p.html
tipitaka/2Sutta-Pitaka/5Khuddaka-Nikaya/10Jataka/01-Ekaka-nipatha-p.html
tipitaka/2Sutta-Pitaka/5Khuddaka-Nikaya/10Jataka/02-Duka-nipatha-p.html
tipitaka/2Sutta-Pitaka/5Khuddaka-Nikaya/10Jataka/03-Tika-nipatha-p.html
tipitaka/2Sutta-Pitaka/5Khuddaka-Nikaya/10Jataka/04-Catukka-nipatha-p.html
tipitaka/2Sutta-Pitaka/5Khuddaka-Nikaya/10Jataka/05-Pancaka-nipatha-p.html
tipitaka/2Sutta-Pitaka/5Khuddaka-Nikaya/10Jataka/06-Chakka-nipatha-p.html
tipitaka/2Sutta-Pitaka/5Khuddaka-Nikaya/10Jataka/07-Sattaka-nipatha-p.html
tipitaka/2Sutta-Pitaka/5Khuddaka-Nikaya/10Jataka/08-Atthaka-nipatha-p.html
tipitaka/2Sutta-Pitaka/5Khuddaka-Nikaya/10Jataka/09-Navaka-nipatha-p.html
tipitaka/2Sutta-Pitaka/5Khuddaka-Nikaya/10Jataka/10-Dasaka-nipatha-p.html
tipitaka/2Sutta-Pitaka/5Khuddaka-Nikaya/10Jataka/11-Ekadasaka-nipatha-p.html
tipitaka/2Sutta-Pitaka/5Khuddaka-Nikaya/10Jataka/12-Dwadasaka-nipatha-p.html
tipitaka/2Sutta-Pitaka/5Khuddaka-Nikaya/10Jataka/13-Terasaka-nipatha-p.html
tipitaka/2Sutta-Pitaka/5Khuddaka-Nikaya/10Jataka/14-Pakinnaka-nipatha-p.html
tipitaka/2Sutta-Pitaka/5Khuddaka-Nikaya/10Jataka/20-Visati-nipatha-p.html
tipitaka/2Sutta-Pitaka/5Khuddaka-Nikaya/10Jataka/30-Timsati-nipatha-p.html
tipitaka/2Sutta-Pitaka/5Khuddaka-Nikaya/10Jataka/40-Cattalisa-nipatha-p.html
tipitaka/2Sutta-Pitaka/5Khuddaka-Nikaya/10Jataka/50-Pannyasa-nipatha-p.html
tipitaka/2Sutta-Pitaka/5Khuddaka-Nikaya/10Jataka/60-Satthi-nipatha-p.html
tipitaka/2Sutta-Pitaka/5Khuddaka-Nikaya/10Jataka/70-Sattati-nipatha-p.html
tipitaka/2Sutta-Pitaka/5Khuddaka-Nikaya/10Jataka/80-Asiti-nipatha-p.html
tipitaka/2Sutta-Pitaka/5Khuddaka-Nikaya/11Niddesa/1-Maha-niddesa/01-Kamma-sutta-niddesa-p.html
tipitaka/2Sutta-Pitaka/5Khuddaka-Nikaya/11Niddesa/1-Maha-niddesa/02-Guhattaka-sutta-niddesa-p.html
tipitaka/2Sutta-Pitaka/5Khuddaka-Nikaya/11Niddesa/1-Maha-niddesa/03-Duttattaka-sutta-niddesa-p.html
tipitaka/2Sutta-Pitaka/5Khuddaka-Nikaya/11Niddesa/1-Maha-niddesa/04-Suddhattaka-sutta-niddesa-p.html
tipitaka/2Sutta-Pitaka/5Khuddaka-Nikaya/11Niddesa/1-Maha-niddesa/05-Paramattaka-sutta-niddesa-p.html
tipitaka/2Sutta-Pitaka/5Khuddaka-Nikaya/11Niddesa/1-Maha-niddesa/06-Jara-sutta-niddesa-p.html
tipitaka/2Sutta-Pitaka/5Khuddaka-Nikaya/11Niddesa/1-Maha-niddesa/07-Tissametteyya-sutta-niddesa-p.html
tipitaka/2Sutta-Pitaka/5Khuddaka-Nikaya/11Niddesa/1-Maha-niddesa/08-Pasura-sutta-niddesa-p.html
tipitaka/2Sutta-Pitaka/5Khuddaka-Nikaya/11Niddesa/1-Maha-niddesa/09-Magandiya-sutta-niddesa-p.html
tipitaka/2Sutta-Pitaka/5Khuddaka-Nikaya/11Niddesa/1-Maha-niddesa/10-Pura-beda-sutta-niddesa-p.html
tipitaka/2Sutta-Pitaka/5Khuddaka-Nikaya/11Niddesa/1-Maha-niddesa/11-Kalahavivada-sutta-niddesa-p.html
tipitaka/2Sutta-Pitaka/5Khuddaka-Nikaya/11Niddesa/1-Maha-niddesa/12-Culaviyuha-sutta-niddesa-p.html
tipitaka/2Sutta-Pitaka/5Khuddaka-Nikaya/11Niddesa/1-Maha-niddesa/13-Mahaviyuha-sutta-niddesa-p.html
tipitaka/2Sutta-Pitaka/5Khuddaka-Nikaya/11Niddesa/1-Maha-niddesa/14-Tuvataka-sutta-niddesa-p.html
tipitaka/2Sutta-Pitaka/5Khuddaka-Nikaya/11Niddesa/1-Maha-niddesa/15-Atthadanda-sutta-niddesa-p.html
tipitaka/2Sutta-Pitaka/5Khuddaka-Nikaya/11Niddesa/1-Maha-niddesa/16-Sariputta-sutta-niddesa-p.html
tipitaka/2Sutta-Pitaka/5Khuddaka-Nikaya/11Niddesa/2-Culla-niddesa/00-parayanavagga-p.html
tipitaka/2Sutta-Pitaka/5Khuddaka-Nikaya/11Niddesa/2-Culla-niddesa/01-Ajitasuttaniddeso-p.html
tipitaka/2Sutta-Pitaka/5Khuddaka-Nikaya/11Niddesa/2-Culla-niddesa/02-Tissametteyyasuttaniddeso-p.html
tipitaka/2Sutta-Pitaka/5Khuddaka-Nikaya/11Niddesa/2-Culla-niddesa/03-Punnamanawaka-sutta-niddeso-p.html
tipitaka/2Sutta-Pitaka/5Khuddaka-Nikaya/11Niddesa/2-Culla-niddesa/04-Mettagumanawaka-sutta-niddeso-p.html
tipitaka/2Sutta-Pitaka/5Khuddaka-Nikaya/11Niddesa/2-Culla-niddesa/05-Dhothakamanawaka-sutta-niddesa-p.html
tipitaka/2Sutta-Pitaka/5Khuddaka-Nikaya/11Niddesa/2-Culla-niddesa/06-Upasivamanawaka-sutta-niddesa-p.html
tipitaka/2Sutta-Pitaka/5Khuddaka-Nikaya/11Niddesa/2-Culla-niddesa/07-Nandasuttaniddeso-p.html
tipitaka/2Sutta-Pitaka/5Khuddaka-Nikaya/11Niddesa/2-Culla-niddesa/08-Hemakasuttaniddeso-p.html
tipitaka/2Sutta-Pitaka/5Khuddaka-Nikaya/11Niddesa/2-Culla-niddesa/09-Todeyyasuttaniddeso-p.html
tipitaka/2Sutta-Pitaka/5Khuddaka-Nikaya/11Niddesa/2-Culla-niddesa/10-Kappasuttaniddeso-p.html
tipitaka/2Sutta-Pitaka/5Khuddaka-Nikaya/11Niddesa/2-Culla-niddesa/11-Jatukannisuttaniddeso-p.html
tipitaka/2Sutta-Pitaka/5Khuddaka-Nikaya/11Niddesa/2-Culla-niddesa/12-Bhadravudhasuttaniddeso-p.html
tipitaka/2Sutta-Pitaka/5Khuddaka-Nikaya/11Niddesa/2-Culla-niddesa/13-Udayasuttaniddeso-p.html
tipitaka/2Sutta-Pitaka/5Khuddaka-Nikaya/11Niddesa/2-Culla-niddesa/14-Posalasuttaniddeso-p.html
tipitaka/2Sutta-Pitaka/5Khuddaka-Nikaya/11Niddesa/2-Culla-niddesa/15-Mogharajasuttaniddeso-p.html
tipitaka/2Sutta-Pitaka/5Khuddaka-Nikaya/11Niddesa/2-Culla-niddesa/16-Pingiyasuttaniddeso-p.html
tipitaka/2Sutta-Pitaka/5Khuddaka-Nikaya/11Niddesa/2-Culla-niddesa/17-Parayananugitiniddeso-p.html
tipitaka/2Sutta-Pitaka/5Khuddaka-Nikaya/11Niddesa/2-Culla-niddesa/18-Khaggavisanasuttainiddeso-p.html
tipitaka/2Sutta-Pitaka/5Khuddaka-Nikaya/12Patisambhidamagga/01-Mahavagga/02-Ditthi-katha-p.html
tipitaka/2Sutta-Pitaka/5Khuddaka-Nikaya/12Patisambhidamagga/01-Mahavagga/03-Anapanasati-katha-p.html
tipitaka/2Sutta-Pitaka/5Khuddaka-Nikaya/12Patisambhidamagga/01-Mahavagga/04-Indriya-katha-p.html
tipitaka/2Sutta-Pitaka/5Khuddaka-Nikaya/12Patisambhidamagga/01-Mahavagga/05-Vimokkha-katha-p.html
tipitaka/2Sutta-Pitaka/5Khuddaka-Nikaya/12Patisambhidamagga/01-Mahavagga/06-Gati-katha-p.html
tipitaka/2Sutta-Pitaka/5Khuddaka-Nikaya/12Patisambhidamagga/01-Mahavagga/07-Kamma-katha-p.html
tipitaka/2Sutta-Pitaka/5Khuddaka-Nikaya/12Patisambhidamagga/01-Mahavagga/08-Vipallasa-katha-p.html
tipitaka/2Sutta-Pitaka/5Khuddaka-Nikaya/12Patisambhidamagga/01-Mahavagga/09-Magga-katha-p.html
tipitaka/2Sutta-Pitaka/5Khuddaka-Nikaya/12Patisambhidamagga/01-Mahavagga/10-Mandapeyya-katha-p.html
tipitaka/2Sutta-Pitaka/5Khuddaka-Nikaya/12Patisambhidamagga/01-Mahavagga/1-Nyanakatha/00-matika-p.html
tipitaka/2Sutta-Pitaka/5Khuddaka-Nikaya/12Patisambhidamagga/01-Mahavagga/1-Nyanakatha/01-sutamayanana-katha-p.html
tipitaka/2Sutta-Pitaka/5Khuddaka-Nikaya/12Patisambhidamagga/01-Mahavagga/1-Nyanakatha/02-silamayanana-katha-p.html
tipitaka/2Sutta-Pitaka/5Khuddaka-Nikaya/12Patisambhidamagga/01-Mahavagga/1-Nyanakatha/03-samadhibhavanamayanana-p.html
tipitaka/2Sutta-Pitaka/5Khuddaka-Nikaya/12Patisambhidamagga/01-Mahavagga/1-Nyanakatha/04-dhammatthitinana-katha-p.html
tipitaka/2Sutta-Pitaka/5Khuddaka-Nikaya/12Patisambhidamagga/01-Mahavagga/1-Nyanakatha/05-sammasananana-katha-p.html
tipitaka/2Sutta-Pitaka/5Khuddaka-Nikaya/12Patisambhidamagga/01-Mahavagga/1-Nyanakatha/06-udayabbayanana-katha-p.html
tipitaka/2Sutta-Pitaka/5Khuddaka-Nikaya/12Patisambhidamagga/01-Mahavagga/1-Nyanakatha/07-bhanganupassananana-katha-p.html
tipitaka/2Sutta-Pitaka/5Khuddaka-Nikaya/12Patisambhidamagga/01-Mahavagga/1-Nyanakatha/08-adinavanana-katha-p.html
tipitaka/2Sutta-Pitaka/5Khuddaka-Nikaya/12Patisambhidamagga/01-Mahavagga/1-Nyanakatha/09-muncitukamyatanana-katha-p.html
tipitaka/2Sutta-Pitaka/5Khuddaka-Nikaya/12Patisambhidamagga/01-Mahavagga/1-Nyanakatha/10-gotrabhunana-katha-p.html
tipitaka/2Sutta-Pitaka/5Khuddaka-Nikaya/12Patisambhidamagga/01-Mahavagga/1-Nyanakatha/11-magganana-katha-p.html
tipitaka/2Sutta-Pitaka/5Khuddaka-Nikaya/12Patisambhidamagga/01-Mahavagga/1-Nyanakatha/12-phalanana-katha-p.html
tipitaka/2Sutta-Pitaka/5Khuddaka-Nikaya/12Patisambhidamagga/01-Mahavagga/1-Nyanakatha/13-vimuttinana-katha-p.html
tipitaka/2Sutta-Pitaka/5Khuddaka-Nikaya/12Patisambhidamagga/01-Mahavagga/1-Nyanakatha/14-paccakkhananana-katha-p.html
tipitaka/2Sutta-Pitaka/5Khuddaka-Nikaya/12Patisambhidamagga/01-Mahavagga/1-Nyanakatha/15-vatthunanattanana-katha-p.html
tipitaka/2Sutta-Pitaka/5Khuddaka-Nikaya/12Patisambhidamagga/01-Mahavagga/1-Nyanakatha/16-gocarananattanana-katha-p.html
tipitaka/2Sutta-Pitaka/5Khuddaka-Nikaya/12Patisambhidamagga/01-Mahavagga/1-Nyanakatha/17-cariyananattanana-katha-p.html
tipitaka/2Sutta-Pitaka/5Khuddaka-Nikaya/12Patisambhidamagga/01-Mahavagga/1-Nyanakatha/18-bhuminanattanana-katha-p.html
tipitaka/2Sutta-Pitaka/5Khuddaka-Nikaya/12Patisambhidamagga/01-Mahavagga/1-Nyanakatha/19-dhammananattanana-katha-p.html
tipitaka/2Sutta-Pitaka/5Khuddaka-Nikaya/12Patisambhidamagga/01-Mahavagga/1-Nyanakatha/20-24-nanapancaka-katha-p.html
tipitaka/2Sutta-Pitaka/5Khuddaka-Nikaya/12Patisambhidamagga/01-Mahavagga/1-Nyanakatha/25-28-patisambhidanana-katha-p.html
tipitaka/2Sutta-Pitaka/5Khuddaka-Nikaya/12Patisambhidamagga/01-Mahavagga/1-Nyanakatha/29-31-nanattaya-katha-p.html
tipitaka/2Sutta-Pitaka/5Khuddaka-Nikaya/12Patisambhidamagga/01-Mahavagga/1-Nyanakatha/32-anandarikasamadhinana-katha-p.html
tipitaka/2Sutta-Pitaka/5Khuddaka-Nikaya/12Patisambhidamagga/01-Mahavagga/1-Nyanakatha/33-aranaviharanana-katha-p.html
tipitaka/2Sutta-Pitaka/5Khuddaka-Nikaya/12Patisambhidamagga/01-Mahavagga/1-Nyanakatha/34-nirodhasamapattinana-katha-p.html
tipitaka/2Sutta-Pitaka/5Khuddaka-Nikaya/12Patisambhidamagga/01-Mahavagga/1-Nyanakatha/35-parinibananana-katha-p.html
tipitaka/2Sutta-Pitaka/5Khuddaka-Nikaya/12Patisambhidamagga/01-Mahavagga/1-Nyanakatha/36-samasisatthanana-katha-p.html
tipitaka/2Sutta-Pitaka/5Khuddaka-Nikaya/12Patisambhidamagga/01-Mahavagga/1-Nyanakatha/37-sallekhatthanana-katha-p.html
tipitaka/2Sutta-Pitaka/5Khuddaka-Nikaya/12Patisambhidamagga/01-Mahavagga/1-Nyanakatha/38-viriyarambhanana-katha-p.html
tipitaka/2Sutta-Pitaka/5Khuddaka-Nikaya/12Patisambhidamagga/01-Mahavagga/1-Nyanakatha/39-atthasandassananana-katha-p.html
tipitaka/2Sutta-Pitaka/5Khuddaka-Nikaya/12Patisambhidamagga/01-Mahavagga/1-Nyanakatha/40-dassanavisuddhinana-katha-p.html
tipitaka/2Sutta-Pitaka/5Khuddaka-Nikaya/12Patisambhidamagga/01-Mahavagga/1-Nyanakatha/41-khantinana-katha-p.html
tipitaka/2Sutta-Pitaka/5Khuddaka-Nikaya/12Patisambhidamagga/01-Mahavagga/1-Nyanakatha/42-pariyogahananana-katha-p.html
tipitaka/2Sutta-Pitaka/5Khuddaka-Nikaya/12Patisambhidamagga/01-Mahavagga/1-Nyanakatha/43-padesaviharanana-katha-p.html
tipitaka/2Sutta-Pitaka/5Khuddaka-Nikaya/12Patisambhidamagga/01-Mahavagga/1-Nyanakatha/44-49-vivatatananachakka-katha-p.html
tipitaka/2Sutta-Pitaka/5Khuddaka-Nikaya/12Patisambhidamagga/01-Mahavagga/1-Nyanakatha/50-iddhividhanana-katha-p.html
tipitaka/2Sutta-Pitaka/5Khuddaka-Nikaya/12Patisambhidamagga/01-Mahavagga/1-Nyanakatha/51-sotadhatuvusuddhinana-katha-p.html
tipitaka/2Sutta-Pitaka/5Khuddaka-Nikaya/12Patisambhidamagga/01-Mahavagga/1-Nyanakatha/52-cetopariyanana-katha-p.html
tipitaka/2Sutta-Pitaka/5Khuddaka-Nikaya/12Patisambhidamagga/01-Mahavagga/1-Nyanakatha/53-pubbenivasanussatinana-katha-p.html
tipitaka/2Sutta-Pitaka/5Khuddaka-Nikaya/12Patisambhidamagga/01-Mahavagga/1-Nyanakatha/54-dibbacakkhunana-katha-p.html
tipitaka/2Sutta-Pitaka/5Khuddaka-Nikaya/12Patisambhidamagga/01-Mahavagga/1-Nyanakatha/55-asavakkhayanana-katha-p.html
tipitaka/2Sutta-Pitaka/5Khuddaka-Nikaya/12Patisambhidamagga/01-Mahavagga/1-Nyanakatha/56-63-saccananacatukkadavaya-katha-p.html
tipitaka/2Sutta-Pitaka/5Khuddaka-Nikaya/12Patisambhidamagga/01-Mahavagga/1-Nyanakatha/64-67-suddhikapatisambhidanana-katha-p.html
tipitaka/2Sutta-Pitaka/5Khuddaka-Nikaya/12Patisambhidamagga/01-Mahavagga/1-Nyanakatha/68-indriyaparoparijattanana-katha-p.html
tipitaka/2Sutta-Pitaka/5Khuddaka-Nikaya/12Patisambhidamagga/01-Mahavagga/1-Nyanakatha/69-asayanusayanana-katha-p.html
tipitaka/2Sutta-Pitaka/5Khuddaka-Nikaya/12Patisambhidamagga/01-Mahavagga/1-Nyanakatha/70-yamakapatihiranana-katha-p.html
tipitaka/2Sutta-Pitaka/5Khuddaka-Nikaya/12Patisambhidamagga/01-Mahavagga/1-Nyanakatha/71-mahakarunasamapattinana-katha-p.html
tipitaka/2Sutta-Pitaka/5Khuddaka-Nikaya/12Patisambhidamagga/01-Mahavagga/1-Nyanakatha/72-73-sabbannutanana-katha-p.html
tipitaka/2Sutta-Pitaka/5Khuddaka-Nikaya/12Patisambhidamagga/11-Yuganandavagga/01-Yugananda-katha-p.html
tipitaka/2Sutta-Pitaka/5Khuddaka-Nikaya/12Patisambhidamagga/11-Yuganandavagga/02-Sacca-katha-p.html
tipitaka/2Sutta-Pitaka/5Khuddaka-Nikaya/12Patisambhidamagga/11-Yuganandavagga/03-Bojjhanga-katha-p.html
tipitaka/2Sutta-Pitaka/5Khuddaka-Nikaya/12Patisambhidamagga/11-Yuganandavagga/04-Metta-katha-p.html
tipitaka/2Sutta-Pitaka/5Khuddaka-Nikaya/12Patisambhidamagga/11-Yuganandavagga/05-Viraga-katha-p.html
tipitaka/2Sutta-Pitaka/5Khuddaka-Nikaya/12Patisambhidamagga/11-Yuganandavagga/06-Patisambhida-katha-p.html
tipitaka/2Sutta-Pitaka/5Khuddaka-Nikaya/12Patisambhidamagga/11-Yuganandavagga/07-Dhammacakka-katha-p.html
tipitaka/2Sutta-Pitaka/5Khuddaka-Nikaya/12Patisambhidamagga/11-Yuganandavagga/08-Lokuttara-katha-p.html
tipitaka/2Sutta-Pitaka/5Khuddaka-Nikaya/12Patisambhidamagga/11-Yuganandavagga/09-Bala-katha-p.html
tipitaka/2Sutta-Pitaka/5Khuddaka-Nikaya/12Patisambhidamagga/11-Yuganandavagga/10-Sunnata-INCOMPLETE-p.html
tipitaka/2Sutta-Pitaka/5Khuddaka-Nikaya/12Patisambhidamagga/11-Yuganandavagga/11-Yugandavagga-incomplete-p.html
tipitaka/2Sutta-Pitaka/5Khuddaka-Nikaya/12Patisambhidamagga/12-Pannayavagga/01-Panna-katha-INCOMPLETE-p.html
tipitaka/2Sutta-Pitaka/5Khuddaka-Nikaya/12Patisambhidamagga/12-Pannayavagga/02-Iddhi-katha-p.html
tipitaka/2Sutta-Pitaka/5Khuddaka-Nikaya/12Patisambhidamagga/12-Pannayavagga/03-Abhisamaya-katha-p.html
tipitaka/2Sutta-Pitaka/5Khuddaka-Nikaya/12Patisambhidamagga/12-Pannayavagga/04-Viveka-katha-p.html
tipitaka/2Sutta-Pitaka/5Khuddaka-Nikaya/12Patisambhidamagga/12-Pannayavagga/05-Cariya-katha-p.html
tipitaka/2Sutta-Pitaka/5Khuddaka-Nikaya/12Patisambhidamagga/12-Pannayavagga/06-Patihariya-katha-p.html
tipitaka/2Sutta-Pitaka/5Khuddaka-Nikaya/12Patisambhidamagga/12-Pannayavagga/07-Samasisa-katha-p.html
tipitaka/2Sutta-Pitaka/5Khuddaka-Nikaya/12Patisambhidamagga/12-Pannayavagga/08-Satipatthana-katha-p.html
tipitaka/2Sutta-Pitaka/5Khuddaka-Nikaya/12Patisambhidamagga/12-Pannayavagga/09-Vipassana-katha-p.html
tipitaka/2Sutta-Pitaka/5Khuddaka-Nikaya/12Patisambhidamagga/12-Pannayavagga/10-Matika-katha-p.html
tipitaka/2Sutta-Pitaka/5Khuddaka-Nikaya/12Patisambhidamagga/12-Pannayavagga/12-Pannyavagga-incomplete-p.html
tipitaka/2Sutta-Pitaka/5Khuddaka-Nikaya/13Apadana/Thera-apadana/01-buddha-vagga-p.html
tipitaka/2Sutta-Pitaka/5Khuddaka-Nikaya/13Apadana/Thera-apadana/02-sihasana-dayaka-vagga-p.html
tipitaka/2Sutta-Pitaka/5Khuddaka-Nikaya/13Apadana/Thera-apadana/03-subhuti-vagga-p.html
tipitaka/2Sutta-Pitaka/5Khuddaka-Nikaya/13Apadana/Thera-apadana/04-kundadhana-vagga-p.html
tipitaka/2Sutta-Pitaka/5Khuddaka-Nikaya/13Apadana/Thera-apadana/05-upali-vagga-p.html
tipitaka/2Sutta-Pitaka/5Khuddaka-Nikaya/13Apadana/Thera-apadana/06-vijani-vagga-p.html
tipitaka/2Sutta-Pitaka/5Khuddaka-Nikaya/13Apadana/Thera-apadana/07-sakachintaniya-vagga-p.html
tipitaka/2Sutta-Pitaka/5Khuddaka-Nikaya/13Apadana/Thera-apadana/08-nagasamala-vagga-p.html
tipitaka/2Sutta-Pitaka/5Khuddaka-Nikaya/13Apadana/Thera-apadana/09-timirapupphiya-vagga-p.html
tipitaka/2Sutta-Pitaka/5Khuddaka-Nikaya/13Apadana/Thera-apadana/10-sudhapindiya-vagga-p.html
tipitaka/2Sutta-Pitaka/5Khuddaka-Nikaya/13Apadana/Thera-apadana/11-bhikkhadayi-vagga-p.html
tipitaka/2Sutta-Pitaka/5Khuddaka-Nikaya/13Apadana/Thera-apadana/12-maha-parivara-vagga-p.html
tipitaka/2Sutta-Pitaka/5Khuddaka-Nikaya/13Apadana/Thera-apadana/13-sereyya-vagga-p.html
tipitaka/2Sutta-Pitaka/5Khuddaka-Nikaya/13Apadana/Thera-apadana/14-Sobhita-Wagga-p.html
tipitaka/2Sutta-Pitaka/5Khuddaka-Nikaya/13Apadana/Thera-apadana/15-Chatta-Wagga-p.html
tipitaka/2Sutta-Pitaka/5Khuddaka-Nikaya/13Apadana/Thera-apadana/16-Bandhu-Jeevaka-Wagga-p.html
tipitaka/2Sutta-Pitaka/5Khuddaka-Nikaya/13Apadana/Thera-apadana/17-Suparichariya-Wagga-p.html
tipitaka/2Sutta-Pitaka/5Khuddaka-Nikaya/13Apadana/Thera-apadana/18-Kumuda-Wagga-p.html
tipitaka/2Sutta-Pitaka/5Khuddaka-Nikaya/13Apadana/Thera-apadana/19-Kutajapupphiya-Wagga-p.html
tipitaka/2Sutta-Pitaka/5Khuddaka-Nikaya/13Apadana/Thera-apadana/20-Tamala-Pupphiya-Wagga-p.html
tipitaka/2Sutta-Pitaka/5Khuddaka-Nikaya/13Apadana/Thera-apadana/21-Kanikarapupphiya-Wgga-p.html
tipitaka/2Sutta-Pitaka/5Khuddaka-Nikaya/13Apadana/Thera-apadana/22-Hatthi-vgga-p.html
tipitaka/2Sutta-Pitaka/5Khuddaka-Nikaya/13Apadana/Thera-apadana/23-Alambana-dayaka-vgga-p.html
tipitaka/2Sutta-Pitaka/5Khuddaka-Nikaya/13Apadana/Thera-apadana/24-Udakasana-vagga-p.html
tipitaka/2Sutta-Pitaka/5Khuddaka-Nikaya/13Apadana/Thera-apadana/24-Udakasana-vgga-p.html
tipitaka/2Sutta-Pitaka/5Khuddaka-Nikaya/13Apadana/Thera-apadana/25-Thuwara-dayaka-vgga-p.html
tipitaka/2Sutta-Pitaka/5Khuddaka-Nikaya/13Apadana/Thera-apadana/26-Thomaka-vgga-p.html
tipitaka/2Sutta-Pitaka/5Khuddaka-Nikaya/13Apadana/Thera-apadana/27-Akasukkhipiya-vgga-p.html
tipitaka/2Sutta-Pitaka/5Khuddaka-Nikaya/13Apadana/Thera-apadana/28-Suwanna-bimbobana-vgga-p.html
tipitaka/2Sutta-Pitaka/5Khuddaka-Nikaya/13Apadana/Thera-apadana/29-Panna-dayaka-vgga-p.html
tipitaka/2Sutta-Pitaka/5Khuddaka-Nikaya/13Apadana/Thera-apadana/30-Chitaka-poojaka-vgga-p.html
tipitaka/2Sutta-Pitaka/5Khuddaka-Nikaya/13Apadana/Thera-apadana/31-Paduma-kesara-vgga-p.html
tipitaka/2Sutta-Pitaka/5Khuddaka-Nikaya/13Apadana/Thera-apadana/32-Arakka-dayaka-vgga-p.html
tipitaka/2Sutta-Pitaka/5Khuddaka-Nikaya/13Apadana/Thera-apadana/33-Umma-puppiya-vgga-p.html
tipitaka/2Sutta-Pitaka/5Khuddaka-Nikaya/13Apadana/Thera-apadana/34-Gandha-dhupiya-vgga-p.html
tipitaka/2Sutta-Pitaka/5Khuddaka-Nikaya/13Apadana/Thera-apadana/35-Eka-padumiya-vgga-p.html
tipitaka/2Sutta-Pitaka/5Khuddaka-Nikaya/13Apadana/Thera-apadana/36-Sadda-sagnnaka-vgga-p.html
tipitaka/2Sutta-Pitaka/5Khuddaka-Nikaya/13Apadana/Thera-apadana/37-Mandarawa-puppiya-vgga-p.html
tipitaka/2Sutta-Pitaka/5Khuddaka-Nikaya/13Apadana/Thera-apadana/38-Bodhi-wandaka-vgga-p.html
tipitaka/2Sutta-Pitaka/5Khuddaka-Nikaya/13Apadana/Thera-apadana/39-Awanta-paladayaka-vgga-p.html
tipitaka/2Sutta-Pitaka/5Khuddaka-Nikaya/13Apadana/Thera-apadana/40-Pilinda-vachcha-vgga-p.html
tipitaka/2Sutta-Pitaka/5Khuddaka-Nikaya/13Apadana/Thera-apadana/41-Metteyya-vgga-p.html
tipitaka/2Sutta-Pitaka/5Khuddaka-Nikaya/13Apadana/Thera-apadana/42-Baddali-vgga-p.html
tipitaka/2Sutta-Pitaka/5Khuddaka-Nikaya/13Apadana/Thera-apadana/43-Sakim-sammajjaka-vgga-p.html
tipitaka/2Sutta-Pitaka/5Khuddaka-Nikaya/13Apadana/Thera-apadana/44-Eka-vihareeya-vgga-p.html
tipitaka/2Sutta-Pitaka/5Khuddaka-Nikaya/13Apadana/Thera-apadana/45-Veebetaka-vgga-p.html
tipitaka/2Sutta-Pitaka/5Khuddaka-Nikaya/13Apadana/Thera-apadana/46-Jagati-dayaka-vgga-p.html
tipitaka/2Sutta-Pitaka/5Khuddaka-Nikaya/13Apadana/Thera-apadana/47-Salakusumiya-vgga-p.html
tipitaka/2Sutta-Pitaka/5Khuddaka-Nikaya/13Apadana/Thera-apadana/48-Nalamaliya-vgga-p.html
tipitaka/2Sutta-Pitaka/5Khuddaka-Nikaya/13Apadana/Thera-apadana/49-Pansukoola-vgga-p.html
tipitaka/2Sutta-Pitaka/5Khuddaka-Nikaya/13Apadana/Thera-apadana/50-Kinkanee-puppiya-vgga-p.html
tipitaka/2Sutta-Pitaka/5Khuddaka-Nikaya/13Apadana/Thera-apadana/51-Kaneekara-vgga-p.html
tipitaka/2Sutta-Pitaka/5Khuddaka-Nikaya/13Apadana/Thera-apadana/52-Phaladayaka-vgga-p.html
tipitaka/2Sutta-Pitaka/5Khuddaka-Nikaya/13Apadana/Thera-apadana/53-Thina-dayaka-vgga-p.html
tipitaka/2Sutta-Pitaka/5Khuddaka-Nikaya/13Apadana/Thera-apadana/54-Kachchana-vgga-p.html
tipitaka/2Sutta-Pitaka/5Khuddaka-Nikaya/13Apadana/Thera-apadana/55-Baddiya-vgga-p.html
tipitaka/2Sutta-Pitaka/5Khuddaka-Nikaya/13Apadana/Thera-apadana/56-Yava-vgga-p.html
tipitaka/2Sutta-Pitaka/5Khuddaka-Nikaya/13Apadana/Theri-apadana/01-Sumeda-vagga-p.html
tipitaka/2Sutta-Pitaka/5Khuddaka-Nikaya/13Apadana/Theri-apadana/02-Eku-posatika-vagga-p.html
tipitaka/2Sutta-Pitaka/5Khuddaka-Nikaya/13Apadana/Theri-apadana/03-Kundala-kesi-vagga-p.html
tipitaka/2Sutta-Pitaka/5Khuddaka-Nikaya/13Apadana/Theri-apadana/04-Kattiya-vagga-p.html
tipitaka/2Sutta-Pitaka/5Khuddaka-Nikaya/14Buddhavamsa/001-Rathana-chankamana-kannda-p.html
tipitaka/2Sutta-Pitaka/5Khuddaka-Nikaya/14Buddhavamsa/002-Sumedha-patthana-kanda-p.html
tipitaka/2Sutta-Pitaka/5Khuddaka-Nikaya/14Buddhavamsa/01-Deepankara-budda-wansa-p.html
tipitaka/2Sutta-Pitaka/5Khuddaka-Nikaya/14Buddhavamsa/02-Kondagnna-budda-wansa-p.html
tipitaka/2Sutta-Pitaka/5Khuddaka-Nikaya/14Buddhavamsa/03-Mangala-budda-wansa-p.html
tipitaka/2Sutta-Pitaka/5Khuddaka-Nikaya/14Buddhavamsa/04-Sumana-budda-wansa-p.html
tipitaka/2Sutta-Pitaka/5Khuddaka-Nikaya/14Buddhavamsa/05-Rewatha-budda-wansa-p.html
tipitaka/2Sutta-Pitaka/5Khuddaka-Nikaya/14Buddhavamsa/06-Sobitha-budda-wansa-p.html
tipitaka/2Sutta-Pitaka/5Khuddaka-Nikaya/14Buddhavamsa/07-Anomanassi-budda-wansa-p.html
tipitaka/2Sutta-Pitaka/5Khuddaka-Nikaya/14Buddhavamsa/08-Paduma-budda-wansa-p.html
tipitaka/2Sutta-Pitaka/5Khuddaka-Nikaya/14Buddhavamsa/09-Narada-budda-wansa-p.html
tipitaka/2Sutta-Pitaka/5Khuddaka-Nikaya/14Buddhavamsa/10-Padumuttara-budda-wansa-p.html
tipitaka/2Sutta-Pitaka/5Khuddaka-Nikaya/14Buddhavamsa/11-Sumedha-budda-wansa-p.html
tipitaka/2Sutta-Pitaka/5Khuddaka-Nikaya/14Buddhavamsa/12-Sujatha-budda-wansa-p.html
tipitaka/2Sutta-Pitaka/5Khuddaka-Nikaya/14Buddhavamsa/13-Piyadassee-budda-wansa-p.html
tipitaka/2Sutta-Pitaka/5Khuddaka-Nikaya/14Buddhavamsa/14-Attadassee-budda-wansa-p.html
tipitaka/2Sutta-Pitaka/5Khuddaka-Nikaya/14Buddhavamsa/15-Dhammadassee-budda-wansa-p.html
tipitaka/2Sutta-Pitaka/5Khuddaka-Nikaya/14Buddhavamsa/16-Siddatta-budda-wansa-p.html
tipitaka/2Sutta-Pitaka/5Khuddaka-Nikaya/14Buddhavamsa/17-Tissa-budda-wansa-p.html
tipitaka/2Sutta-Pitaka/5Khuddaka-Nikaya/14Buddhavamsa/18-Pussa-budda-wansa-p.html
tipitaka/2Sutta-Pitaka/5Khuddaka-Nikaya/14Buddhavamsa/19-Vipasi-budda-wansa-p.html
tipitaka/2Sutta-Pitaka/5Khuddaka-Nikaya/14Buddhavamsa/20-Sikki-budda-wansa-p.html
tipitaka/2Sutta-Pitaka/5Khuddaka-Nikaya/14Buddhavamsa/21-Vessabhu-budda-wansa-p.html
tipitaka/2Sutta-Pitaka/5Khuddaka-Nikaya/14Buddhavamsa/22-Kakusanda-budda-wansa-p.html
tipitaka/2Sutta-Pitaka/5Khuddaka-Nikaya/14Buddhavamsa/23-Konagamana-budda-wansa-p.html
tipitaka/2Sutta-Pitaka/5Khuddaka-Nikaya/14Buddhavamsa/24-Kasup-budda-wansa-p.html
tipitaka/2Sutta-Pitaka/5Khuddaka-Nikaya/14Buddhavamsa/25-Gautama-budda-wansa-p.html
tipitaka/2Sutta-Pitaka/5Khuddaka-Nikaya/14Buddhavamsa/26-Budda-pakinnaka-katha-p.html
tipitaka/2Sutta-Pitaka/5Khuddaka-Nikaya/14Buddhavamsa/27-Dhatu-bhajana-katha-p.html
tipitaka/2Sutta-Pitaka/5Khuddaka-Nikaya/15Cariyapitaka/1-Akikthi-vagga-p.html
tipitaka/2Sutta-Pitaka/5Khuddaka-Nikaya/15Cariyapitaka/2-Hatthinaga-vagga-p.html
tipitaka/2Sutta-Pitaka/5Khuddaka-Nikaya/15Cariyapitaka/3-Yunggnajaya-vaggo-p.html
tipitaka/2Sutta-Pitaka/5Khuddaka-Nikaya/15Cariyapitaka/4-Adhitthanaparamita-p.html
tipitaka/2Sutta-Pitaka/5Khuddaka-Nikaya/15Cariyapitaka/5-Saccaparamita-p.html
tipitaka/2Sutta-Pitaka/5Khuddaka-Nikaya/15Cariyapitaka/6-mettaparamita-p.html
tipitaka/2Sutta-Pitaka/5Khuddaka-Nikaya/15Cariyapitaka/7-upekkhaparamita-p.html